[08:16:27.350][INFO][e][1] EpicBot dir: C:\Users\mahnr\EpicBot
[08:16:32.518][INFO][e][1] App started
[08:16:32.517][INFO][g][38] WebSocket Connected!
[08:16:32.542][INFO][b][19] Logged in as 'Roflz'
[08:16:34.448][INFO][g][47] Starting new Bot1
[08:16:34.457][INFO][L][48] Loading RS config from http://oldschool.runescape.com/jav_config.ws
[08:16:34.637][INFO][b][48] Loading hooks
[08:16:36.479][INFO][b][48] Using local gamepack(200)
[08:16:40.100][INFO][e][1] EpicBot dir: C:\Users\mahnr\EpicBot
[08:16:44.990][INFO][g][38] WebSocket Connected!
[08:16:44.991][INFO][e][1] App started
[08:16:45.015][INFO][b][19] Logged in as 'Roflz'
[08:16:46.965][INFO][g][47] Starting new Bot1
[08:16:46.972][INFO][L][48] Loading RS config from http://oldschool.runescape.com/jav_config.ws
[08:16:47.217][INFO][b][48] Loading hooks
[08:16:49.719][INFO][b][48] Using local gamepack(200)
[08:16:53.508][INFO][e][1] EpicBot dir: C:\Users\mahnr\EpicBot
[08:16:58.477][INFO][e][1] App started
[08:16:58.476][INFO][g][38] WebSocket Connected!
[08:16:58.501][INFO][b][19] Logged in as 'Roflz'
[08:17:00.418][INFO][g][47] Starting new Bot1
[08:17:00.426][INFO][L][48] Loading RS config from http://oldschool.runescape.com/jav_config.ws
[08:17:00.660][INFO][b][48] Loading hooks
[08:17:02.902][INFO][b][48] Using local gamepack(200)
[08:17:06.773][INFO][e][1] EpicBot dir: C:\Users\mahnr\EpicBot
[08:17:11.846][INFO][e][1] App started
[08:17:11.845][INFO][g][38] WebSocket Connected!
[08:17:11.873][INFO][b][19] Logged in as 'Roflz'
[08:17:13.792][INFO][g][47] Starting new Bot1
[08:17:13.802][INFO][L][48] Loading RS config from http://oldschool.runescape.com/jav_config.ws
[08:17:13.994][INFO][b][48] Loading hooks
[08:17:16.132][INFO][b][48] Using local gamepack(200)
[08:17:20.788][INFO][e][1] EpicBot dir: C:\Users\mahnr\EpicBot
[08:17:26.279][INFO][e][1] App started
[08:17:26.279][INFO][g][38] WebSocket Connected!
[08:17:26.305][INFO][b][19] Logged in as 'Roflz'
[08:17:28.246][INFO][g][47] Starting new Bot1
[08:17:28.258][INFO][L][48] Loading RS config from http://oldschool.runescape.com/jav_config.ws
[08:17:28.952][INFO][b][48] Loading hooks
[08:17:31.244][INFO][b][48] Using local gamepack(200)
[08:18:20.668][INFO][e][1] EpicBot dir: C:\Users\mahnr\EpicBot
[08:18:25.414][INFO][e][1] App started
[08:18:25.413][INFO][g][38] WebSocket Connected!
[08:18:25.438][INFO][b][19] Logged in as 'Roflz'
[08:18:27.333][INFO][g][47] Starting new Bot1
[08:18:27.340][INFO][L][48] Loading RS config from http://oldschool.runescape.com/jav_config.ws
[08:18:27.610][INFO][b][48] Loading hooks
[08:18:29.981][INFO][b][48] Using local gamepack(200)
[08:18:33.589][INFO][e][1] EpicBot dir: C:\Users\mahnr\EpicBot
[08:18:38.576][INFO][e][1] App started
[08:18:38.576][INFO][g][37] WebSocket Connected!
[08:18:38.600][INFO][b][19] Logged in as 'Roflz'
[08:18:40.481][INFO][g][47] Starting new Bot1
[08:18:40.490][INFO][L][48] Loading RS config from http://oldschool.runescape.com/jav_config.ws
[08:18:40.719][INFO][b][48] Loading hooks
[08:18:42.592][INFO][b][48] Using local gamepack(200)
[08:18:46.316][INFO][e][1] EpicBot dir: C:\Users\mahnr\EpicBot
[08:18:51.162][INFO][e][1] App started
[08:18:51.161][INFO][g][38] WebSocket Connected!
[08:18:51.187][INFO][b][19] Logged in as 'Roflz'
[08:18:53.019][INFO][g][47] Starting new Bot1
[08:18:53.027][INFO][L][48] Loading RS config from http://oldschool.runescape.com/jav_config.ws
[08:18:53.211][INFO][b][48] Loading hooks
[08:18:55.218][INFO][b][48] Using local gamepack(200)
[08:18:59.040][INFO][e][1] EpicBot dir: C:\Users\mahnr\EpicBot
[08:19:03.983][INFO][e][1] App started
[08:19:03.983][INFO][g][38] WebSocket Connected!
[08:19:04.011][INFO][b][19] Logged in as 'Roflz'
[08:19:05.999][INFO][g][47] Starting new Bot1
[08:19:06.007][INFO][L][48] Loading RS config from http://oldschool.runescape.com/jav_config.ws
[08:19:06.258][INFO][b][48] Loading hooks
[08:19:08.410][INFO][b][48] Using local gamepack(200)
[08:19:12.500][INFO][e][1] EpicBot dir: C:\Users\mahnr\EpicBot
[08:19:17.563][INFO][e][1] App started
[08:19:17.562][INFO][g][38] WebSocket Connected!
[08:19:17.589][INFO][b][19] Logged in as 'Roflz'
[08:19:19.509][INFO][g][47] Starting new Bot1
[08:19:19.521][INFO][L][48] Loading RS config from http://oldschool.runescape.com/jav_config.ws
[08:19:19.837][INFO][b][48] Loading hooks
[08:19:22.210][INFO][b][48] Using local gamepack(200)
[08:19:26.283][INFO][e][1] EpicBot dir: C:\Users\mahnr\EpicBot
[08:19:31.411][INFO][e][1] App started
[08:19:31.410][INFO][g][38] WebSocket Connected!
[08:19:31.440][INFO][b][19] Logged in as 'Roflz'
[08:19:33.421][INFO][g][47] Starting new Bot1
[08:19:33.429][INFO][L][48] Loading RS config from http://oldschool.runescape.com/jav_config.ws
[08:19:33.661][INFO][b][48] Loading hooks
[08:19:36.021][INFO][b][48] Using local gamepack(200)
[08:19:40.404][INFO][e][1] EpicBot dir: C:\Users\mahnr\EpicBot
[08:19:45.648][INFO][e][1] App started
[08:19:45.648][INFO][g][38] WebSocket Connected!
[08:19:45.677][INFO][b][19] Logged in as 'Roflz'
[08:19:47.549][INFO][g][47] Starting new Bot1
[08:19:47.562][INFO][L][48] Loading RS config from http://oldschool.runescape.com/jav_config.ws
[08:19:47.756][INFO][b][48] Loading hooks
[08:19:49.906][INFO][b][48] Using local gamepack(200)
[08:19:54.651][INFO][e][1] EpicBot dir: C:\Users\mahnr\EpicBot
[08:20:00.013][INFO][g][37] WebSocket Connected!
[08:20:00.014][INFO][e][1] App started
[08:20:00.062][INFO][b][19] Logged in as 'Roflz'
[08:20:01.982][INFO][g][47] Starting new Bot1
[08:20:01.992][INFO][L][48] Loading RS config from http://oldschool.runescape.com/jav_config.ws
[08:20:02.180][INFO][b][48] Loading hooks
[08:20:04.293][INFO][b][48] Using local gamepack(200)
[08:20:09.485][INFO][e][1] EpicBot dir: C:\Users\mahnr\EpicBot
[08:20:15.189][INFO][e][1] App started
[08:20:15.188][INFO][g][38] WebSocket Connected!
[08:20:15.231][INFO][b][19] Logged in as 'Roflz'
[08:20:17.193][INFO][g][47] Starting new Bot1
[08:20:17.212][INFO][L][48] Loading RS config from http://oldschool.runescape.com/jav_config.ws
[08:20:17.447][INFO][b][48] Loading hooks
[08:20:19.358][INFO][b][48] Using local gamepack(200)
[08:20:25.329][INFO][e][1] EpicBot dir: C:\Users\mahnr\EpicBot
[08:20:31.183][INFO][e][1] App started
[08:20:31.181][INFO][g][38] WebSocket Connected!
[08:20:31.224][INFO][b][19] Logged in as 'Roflz'
[08:20:32.734][INFO][g][47] Starting new Bot1
[08:20:32.751][INFO][L][48] Loading RS config from http://oldschool.runescape.com/jav_config.ws
[08:20:32.986][INFO][b][48] Loading hooks
[08:20:34.981][INFO][b][48] Using local gamepack(200)
[08:20:41.857][INFO][e][1] EpicBot dir: C:\Users\mahnr\EpicBot
[08:20:48.124][INFO][e][1] App started
[08:20:48.124][INFO][g][38] WebSocket Connected!
[08:20:48.181][INFO][b][19] Logged in as 'Roflz'
[08:20:50.584][INFO][g][47] Starting new Bot1
[08:20:50.609][INFO][L][48] Loading RS config from http://oldschool.runescape.com/jav_config.ws
[08:20:50.881][INFO][b][48] Loading hooks
[08:20:53.092][INFO][b][48] Using local gamepack(200)
[08:21:00.998][INFO][e][1] EpicBot dir: C:\Users\mahnr\EpicBot
[08:21:08.440][INFO][e][1] App started
[08:21:08.439][INFO][g][39] WebSocket Connected!
[08:21:08.534][INFO][b][19] Logged in as 'Roflz'
[08:21:10.616][INFO][g][48] Starting new Bot1
[08:21:10.645][INFO][L][49] Loading RS config from http://oldschool.runescape.com/jav_config.ws
[08:21:10.918][INFO][b][49] Loading hooks
[08:21:13.602][INFO][b][49] Using local gamepack(200)
[08:21:22.332][INFO][e][1] EpicBot dir: C:\Users\mahnr\EpicBot
[08:21:29.705][INFO][e][1] App started
[08:21:29.705][INFO][g][38] WebSocket Connected!
[08:21:29.744][INFO][b][19] Logged in as 'Roflz'
[08:21:31.793][INFO][g][47] Starting new Bot1
[08:21:31.841][INFO][L][48] Loading RS config from http://oldschool.runescape.com/jav_config.ws
[08:21:32.116][INFO][b][48] Loading hooks
[08:21:34.579][INFO][b][48] Using local gamepack(200)
[08:25:51.839][STDOUT][90] added
[08:26:09.729][STDOUT][96] added
[08:26:11.491][INFO][Pro Fighter][83] Starting Pro Fighter
[08:26:12.883][INFO][RandomHandler][83] Starting random: Login
[08:26:12.878][INFO][Pro Fighter][148] [Aggression Timer] Aggression Area Updated: 0 Tiles.
[08:26:12.945][INFO][Pro Fighter][148] [Aggression Timer] Aggression Area Updated: 1764 Tiles.
[08:26:15.147][INFO][Pro Fighter][148] Completed Setup. Starting...
[08:26:23.777][STDOUT][88] added
[08:26:28.340][INFO][Pro Fighter][89] Starting Pro Fighter
[08:26:29.643][INFO][RandomHandler][89] Starting random: Login
[08:26:29.640][INFO][Pro Fighter][75] [Aggression Timer] Aggression Area Updated: 0 Tiles.
[08:26:29.695][INFO][Pro Fighter][75] [Aggression Timer] Aggression Area Updated: 1764 Tiles.
[08:26:32.154][INFO][Pro Fighter][75] Completed Setup. Starting...
[08:26:32.380][INFO][b][148] Generated path in 1260ms
[08:26:32.400][WARN][L][148] No valid path found
[08:26:42.457][INFO][b][148] Generated path in 2842ms
[08:26:42.460][WARN][L][148] No valid path found
[08:26:45.539][INFO][Pro Fighter][79] Starting Pro Fighter
[08:26:46.889][INFO][RandomHandler][79] Starting random: Login
[08:26:46.883][INFO][Pro Fighter][149] [Aggression Timer] Aggression Area Updated: 0 Tiles.
[08:26:46.943][INFO][Pro Fighter][149] [Aggression Timer] Aggression Area Updated: 1764 Tiles.
[08:26:48.082][INFO][b][90] Running script for 60 minutes
[08:26:49.256][INFO][Pro Fighter][149] Completed Setup. Starting...
[08:26:49.525][STDOUT][88] added
[08:26:50.532][INFO][b][75] Generated path in 1195ms
[08:26:50.542][WARN][L][75] No valid path found
[08:26:51.633][INFO][b][148] Generated path in 1088ms
[08:26:51.640][WARN][L][148] No valid path found
[08:26:59.262][INFO][b][75] Generated path in 1049ms
[08:26:59.268][WARN][L][75] No valid path found
[08:27:02.089][STDOUT][89] added
[08:27:06.784][INFO][b][96] Running script for 60 minutes
[08:27:06.793][INFO][b][149] Generated path in 1159ms
[08:27:06.804][WARN][L][149] No valid path found
[08:27:07.422][INFO][b][75] Generated path in 1062ms
[08:27:07.431][WARN][L][75] No valid path found
[08:27:08.581][INFO][Pro Fighter][80] Starting Pro Fighter
[08:27:09.936][INFO][RandomHandler][80] Starting random: Login
[08:27:09.933][INFO][Pro Fighter][47] [Aggression Timer] Aggression Area Updated: 0 Tiles.
[08:27:09.991][INFO][Pro Fighter][47] [Aggression Timer] Aggression Area Updated: 1764 Tiles.
[08:27:12.235][INFO][Pro Fighter][47] Completed Setup. Starting...
[08:27:15.748][INFO][b][149] Generated path in 1123ms
[08:27:15.757][WARN][L][149] No valid path found
[08:27:17.813][STDOUT][94] added
[08:27:20.118][INFO][b][88] Running script for 60 minutes
[08:27:20.779][INFO][Pro Fighter][88] Starting Pro Fighter
[08:27:26.260][INFO][RandomHandler][88] Starting random: Login
[08:27:26.256][INFO][Pro Fighter][81] [Aggression Timer] Aggression Area Updated: 0 Tiles.
[08:27:26.319][INFO][Pro Fighter][81] [Aggression Timer] Aggression Area Updated: 1764 Tiles.
[08:27:26.559][INFO][b][149] Generated path in 3257ms
[08:27:26.566][WARN][L][149] No valid path found
[08:27:28.208][INFO][b][47] Generated path in 1168ms
[08:27:28.229][WARN][L][47] No valid path found
[08:27:28.635][INFO][Pro Fighter][81] Completed Setup. Starting...
[08:27:28.667][INFO][Pro Fighter][80] Script stopped, reason: You need a members account to login to this world. Please subscribe, or use a different world.
[08:27:29.218][INFO][RandomHandler][80] Stopped
[08:27:35.276][STDOUT][92] added
[08:27:37.001][INFO][b][47] Generated path in 1105ms
[08:27:37.012][WARN][L][47] No valid path found
[08:27:41.615][INFO][Pro Fighter][93] Starting Pro Fighter
[08:27:42.961][INFO][RandomHandler][93] Starting random: Login
[08:27:42.948][INFO][Pro Fighter][87] [Aggression Timer] Aggression Area Updated: 0 Tiles.
[08:27:43.012][INFO][Pro Fighter][87] [Aggression Timer] Aggression Area Updated: 1764 Tiles.
[08:27:45.245][INFO][Pro Fighter][87] Completed Setup. Starting...
[08:27:45.586][STDOUT][94] added
[08:27:45.982][INFO][b][88] Running script for 60 minutes
[08:27:46.131][INFO][b][47] Generated path in 1055ms
[08:27:46.139][WARN][L][47] No valid path found
[08:27:46.640][INFO][b][81] Generated path in 1200ms
[08:27:46.657][WARN][L][81] No valid path found
[08:27:48.084][INFO][b][90] 59 minutes till script ends
[08:27:54.045][INFO][Pro Fighter][82] Starting Pro Fighter
[08:27:55.061][INFO][b][81] Generated path in 1102ms
[08:27:55.068][WARN][L][81] No valid path found
[08:27:55.409][INFO][RandomHandler][82] Starting random: Login
[08:27:55.407][INFO][Pro Fighter][91] [Aggression Timer] Aggression Area Updated: 0 Tiles.
[08:27:55.472][INFO][Pro Fighter][91] [Aggression Timer] Aggression Area Updated: 1764 Tiles.
[08:27:57.068][INFO][Pro Fighter][91] Completed Setup. Starting...
[08:27:57.550][STDOUT][86] added
[08:27:58.474][INFO][b][89] Running script for 60 minutes
[08:28:03.230][INFO][b][87] Generated path in 1262ms
[08:28:03.255][WARN][L][87] No valid path found
[08:28:04.454][INFO][b][81] Generated path in 1077ms
[08:28:04.461][WARN][L][81] No valid path found
[08:28:04.670][INFO][Pro Fighter][86] Starting Pro Fighter
[08:28:06.019][INFO][RandomHandler][86] Starting random: Login
[08:28:06.011][INFO][Pro Fighter][68] [Aggression Timer] Aggression Area Updated: 0 Tiles.
[08:28:06.077][INFO][Pro Fighter][68] [Aggression Timer] Aggression Area Updated: 1764 Tiles.
[08:28:06.781][INFO][b][96] 59 minutes till script ends
[08:28:08.357][INFO][Pro Fighter][68] Completed Setup. Starting...
[08:28:09.298][STDOUT][91] added
[08:28:11.258][INFO][b][87] Generated path in 1058ms
[08:28:11.268][WARN][L][87] No valid path found
[08:28:13.309][INFO][b][91] Generated path in 1178ms
[08:28:13.330][WARN][L][91] No valid path found
[08:28:14.145][INFO][b][94] Running script for 60 minutes
[08:28:15.911][INFO][Pro Fighter][47] Starting Pro Fighter
[08:28:17.232][INFO][RandomHandler][47] Starting random: Login
[08:28:17.231][INFO][Pro Fighter][76] [Aggression Timer] Aggression Area Updated: 0 Tiles.
[08:28:17.263][INFO][Pro Fighter][76] [Aggression Timer] Aggression Area Updated: 1764 Tiles.
[08:28:19.167][INFO][Pro Fighter][76] Completed Setup. Starting...
[08:28:20.116][INFO][b][88] 59 minutes till script ends
[08:28:20.433][INFO][b][87] Generated path in 1132ms
[08:28:20.441][WARN][L][87] No valid path found
[08:28:20.781][STDOUT][86] added
[08:28:22.008][INFO][b][91] Generated path in 1063ms
[08:28:22.015][WARN][L][91] No valid path found
[08:28:27.126][INFO][b][68] Generated path in 1283ms
[08:28:27.143][WARN][L][68] No valid path found
[08:28:29.118][INFO][Pro Fighter][85] Starting Pro Fighter
[08:28:30.461][INFO][RandomHandler][85] Starting random: Login
[08:28:30.458][INFO][Pro Fighter][81] [Aggression Timer] Aggression Area Updated: 0 Tiles.
[08:28:30.522][INFO][Pro Fighter][81] [Aggression Timer] Aggression Area Updated: 1764 Tiles.
[08:28:31.550][INFO][b][91] Generated path in 1088ms
[08:28:31.558][WARN][L][91] No valid path found
[08:28:31.955][STDOUT][83] added
[08:28:32.055][INFO][b][92] Running script for 60 minutes
[08:28:32.811][INFO][Pro Fighter][81] Completed Setup. Starting...
[08:28:36.016][INFO][b][68] Generated path in 1052ms
[08:28:36.022][WARN][L][68] No valid path found
[08:28:36.754][INFO][b][76] Generated path in 1223ms
[08:28:36.768][WARN][L][76] No valid path found
[08:28:39.190][INFO][Pro Fighter][79] Starting Pro Fighter
[08:28:40.503][INFO][RandomHandler][79] Starting random: Login
[08:28:40.496][INFO][Pro Fighter][146] [Aggression Timer] Aggression Area Updated: 0 Tiles.
[08:28:40.564][INFO][Pro Fighter][146] [Aggression Timer] Aggression Area Updated: 1764 Tiles.
[08:28:41.939][INFO][b][94] Running script for 60 minutes
[08:28:42.792][INFO][Pro Fighter][146] Completed Setup. Starting...
[08:28:45.079][INFO][b][68] Generated path in 1100ms
[08:28:45.085][WARN][L][68] No valid path found
[08:28:45.981][INFO][b][88] schedule hit stop condition: script stop early
[08:28:46.265][INFO][b][76] Generated path in 1074ms
[08:28:46.271][WARN][L][76] No valid path found
[08:28:48.086][INFO][b][90] 58 minutes till script ends
[08:28:50.027][INFO][b][81] Generated path in 1202ms
[08:28:50.043][WARN][L][81] No valid path found
[08:28:51.194][INFO][Pro Fighter][77] Starting Pro Fighter
[08:28:52.581][INFO][RandomHandler][77] Starting random: Login
[08:28:52.573][INFO][Pro Fighter][66] [Aggression Timer] Aggression Area Updated: 0 Tiles.
[08:28:52.664][INFO][Pro Fighter][66] [Aggression Timer] Aggression Area Updated: 1764 Tiles.
[08:28:53.918][INFO][b][86] Running script for 60 minutes
[08:28:54.839][INFO][b][76] Generated path in 698ms
[08:28:54.849][WARN][L][76] No valid path found
[08:28:54.943][INFO][Pro Fighter][66] Completed Setup. Starting...
[08:28:58.471][INFO][b][89] 59 minutes till script ends
[08:28:59.011][INFO][b][81] Generated path in 1079ms
[08:28:59.019][WARN][L][81] No valid path found
[08:29:00.649][INFO][b][19] Stopping scheduler, reason: stopped by user
[08:29:00.984][INFO][b][146] Generated path in 1284ms
[08:29:01.000][WARN][L][146] No valid path found
[08:29:05.679][INFO][b][91] Running script for 60 minutes
[08:29:06.782][INFO][b][96] 58 minutes till script ends
[08:29:07.381][INFO][b][81] Generated path in 1083ms
[08:29:07.388][WARN][L][81] No valid path found
[08:29:09.730][INFO][b][146] Generated path in 1089ms
[08:29:09.737][WARN][L][146] No valid path found
[08:29:11.943][INFO][b][66] Generated path in 1161ms
[08:29:11.968][WARN][L][66] No valid path found
[08:29:14.145][INFO][b][94] 59 minutes till script ends
[08:29:17.281][INFO][b][86] Running script for 60 minutes
[08:29:18.991][INFO][b][146] Generated path in 1068ms
[08:29:18.997][WARN][L][146] No valid path found
[08:29:20.116][INFO][b][88] 58 minutes till script ends
[08:29:20.994][INFO][b][66] Generated path in 1054ms
[08:29:21.002][WARN][L][66] No valid path found
[08:29:28.660][INFO][b][83] Running script for 60 minutes
[08:29:30.794][INFO][b][66] Generated path in 1112ms
[08:29:30.807][WARN][L][66] No valid path found
[08:29:32.057][INFO][b][92] 59 minutes till script ends
[08:29:41.939][INFO][b][94] 59 minutes till script ends
[08:29:48.084][INFO][b][90] 57 minutes till script ends
[08:29:53.914][INFO][b][86] 59 minutes till script ends
[08:29:58.470][INFO][b][89] 58 minutes till script ends
[08:30:05.678][INFO][b][91] 59 minutes till script ends
[08:30:06.781][INFO][b][96] 57 minutes till script ends
[08:30:14.145][INFO][b][94] 58 minutes till script ends
[08:30:17.282][INFO][b][86] 59 minutes till script ends
[08:30:20.117][INFO][b][88] 57 minutes till script ends
[08:30:28.660][INFO][b][83] 59 minutes till script ends
[08:30:32.056][INFO][b][92] 58 minutes till script ends
[08:30:41.939][INFO][b][94] 58 minutes till script ends
[08:30:48.084][INFO][b][90] 56 minutes till script ends
[08:30:53.919][INFO][b][86] 58 minutes till script ends
[08:30:58.473][INFO][b][89] 57 minutes till script ends
[08:31:05.678][INFO][b][91] 58 minutes till script ends
[08:31:06.781][INFO][b][96] 56 minutes till script ends
[08:31:14.145][INFO][b][94] 57 minutes till script ends
[08:31:17.282][INFO][b][86] 58 minutes till script ends
[08:31:20.118][INFO][b][88] 56 minutes till script ends
[08:31:28.663][INFO][b][83] 58 minutes till script ends
[08:31:32.055][INFO][b][92] 57 minutes till script ends
[08:31:41.938][INFO][b][94] 57 minutes till script ends
